{"/Users/memochou/Projects/collection-js/src/modules/index.ts": {"path":"/Users/memochou/Projects/collection-js/src/modules/index.ts","all":false,"statementMap":{"0":{"start":{"line":1,"column":0},"end":{"line":1,"column":24}},"1":{"start":{"line":2,"column":0},"end":{"line":2,"column":0}},"2":{"start":{"line":3,"column":0},"end":{"line":3,"column":8}},"3":{"start":{"line":4,"column":0},"end":{"line":4,"column":6}},"4":{"start":{"line":5,"column":0},"end":{"line":5,"column":2}}},"s":{"0":1,"1":1,"2":1,"3":1,"4":1},"branchMap":{"0":{"type":"branch","line":4,"loc":{"start":{"line":4,"column":2},"end":{"line":4,"column":6}},"locations":[{"start":{"line":4,"column":2},"end":{"line":4,"column":6}}]}},"b":{"0":[1]},"fnMap":{"0":{"name":"get","decl":{"start":{"line":4,"column":2},"end":{"line":4,"column":6}},"loc":{"start":{"line":4,"column":2},"end":{"line":4,"column":6}},"line":4}},"f":{"0":1}}
,"/Users/memochou/Projects/collection-js/src/modules/map.ts": {"path":"/Users/memochou/Projects/collection-js/src/modules/map.ts","all":false,"statementMap":{"0":{"start":{"line":1,"column":0},"end":{"line":1,"column":56}},"1":{"start":{"line":2,"column":0},"end":{"line":2,"column":17}},"2":{"start":{"line":3,"column":0},"end":{"line":3,"column":42}},"3":{"start":{"line":4,"column":0},"end":{"line":4,"column":32}},"4":{"start":{"line":5,"column":0},"end":{"line":5,"column":3}},"5":{"start":{"line":6,"column":0},"end":{"line":6,"column":13}},"6":{"start":{"line":7,"column":0},"end":{"line":7,"column":2}},"7":{"start":{"line":8,"column":0},"end":{"line":8,"column":0}},"8":{"start":{"line":9,"column":0},"end":{"line":9,"column":19}}},"s":{"0":1,"1":1,"2":1,"3":5,"4":5,"5":1,"6":1,"7":1,"8":1},"branchMap":{"0":{"type":"branch","line":1,"loc":{"start":{"line":1,"column":55},"end":{"line":7,"column":2}},"locations":[{"start":{"line":1,"column":55},"end":{"line":7,"column":2}}]},"1":{"type":"branch","line":3,"loc":{"start":{"line":3,"column":41},"end":{"line":6,"column":9}},"locations":[{"start":{"line":3,"column":41},"end":{"line":6,"column":9}}]}},"b":{"0":[1],"1":[5]},"fnMap":{"0":{"name":"map","decl":{"start":{"line":1,"column":55},"end":{"line":7,"column":2}},"loc":{"start":{"line":1,"column":55},"end":{"line":7,"column":2}},"line":1}},"f":{"0":1}}
}
